<?xml version="1.0" encoding="UTF-8"?>
<!-- Generated by org.testng.reporters.JUnitReportReporter -->
<testsuite hostname="DESKTOP-TA69GEJ" failures="0" tests="4" name="Sep16.DataProvide_using" time="20.633" errors="0" timestamp="2020-09-17T08:53:49 IST" skipped="0">
  <testcase classname="Sep16.DataProvide_using" name="verifyLogin" time="3.225"/>
  <system-out>
Invalid credentials  </system-out>
  <testcase classname="Sep16.DataProvide_using" name="verifyLogin" time="1.589"/>
  <system-out>
Invalid credentials  </system-out>
  <testcase classname="Sep16.DataProvide_using" name="verifyLogin" time="12.204"/>
  <system-out>
Login Success:  </system-out>
  <testcase classname="Sep16.DataProvide_using" name="verifyLogin" time="3.615"/>
  <system-out>
Login Success:  </system-out>
</testsuite> <!-- Sep16.DataProvide_using -->
