<?xml version="1.0" encoding="UTF-8"?>
<!-- Generated by org.testng.reporters.JUnitReportReporter -->
<testsuite hostname="DESKTOP-TA69GEJ" failures="0" tests="1" name="DriverFactory.DataDriven" time="67.718" errors="0" timestamp="2020-09-17T10:31:50 IST" skipped="0">
  <testcase classname="DriverFactory.DataDriven" name="VerifyLogin" time="67.718"/>
  <system-out>
No of rows::7  No of columns::4 Login success Login FailUsername cannot be empty Login success Login FailUsername cannot be empty Login FailInvalid credentials Login FailUsername cannot be empty Login success  </system-out>
</testsuite> <!-- DriverFactory.DataDriven -->
