<?xml version="1.0" encoding="UTF-8"?>
<!-- Generated by org.testng.reporters.JUnitReportReporter -->
<testsuite hostname="DESKTOP-TA69GEJ" failures="0" tests="1" name="DriverFactory.PBDriverScript" time="45.418" errors="0" timestamp="2020-09-17T10:31:50 IST" skipped="0">
  <testcase classname="DriverFactory.PBDriverScript" name="startTest" time="45.418"/>
  <system-out>
No of rows in Testcases sheet:5      No of rows in TestSheet:10 Login Success Logout success  </system-out>
</testsuite> <!-- DriverFactory.PBDriverScript -->
