<?xml version="1.0" encoding="UTF-8"?>
<!-- Generated by org.testng.reporters.JUnitReportReporter -->
<testsuite hostname="DESKTOP-TA69GEJ" failures="0" tests="1" name="DriverFactory.DriverScriptHybrid" time="149.204" errors="0" timestamp="2020-09-13T13:24:03 IST" skipped="0">
  <testcase classname="DriverFactory.DriverScriptHybrid" name="startTest" time="149.204"/>
  <system-out>
No of rows in Testcases sheet:4      No of rows in TestSheet:10 Login Success Logout success Login Success New branch creation success Logout success Login Success Update succeeded Logout success  </system-out>
</testsuite> <!-- DriverFactory.DriverScriptHybrid -->
