<?xml version="1.0" encoding="UTF-8"?>
<!-- Generated by org.testng.reporters.JUnitReportReporter -->
<testsuite hostname="DESKTOP-TA69GEJ" failures="0" tests="1" name="DriverFactory.TestScript" time="24.416" errors="0" timestamp="2020-09-15T19:02:00 IST" skipped="0">
  <testcase classname="DriverFactory.TestScript" name="branches" time="24.416"/>
  <system-out/>
</testsuite> <!-- DriverFactory.TestScript -->
