<?xml version="1.0" encoding="UTF-8"?>
<!-- Generated by org.testng.reporters.JUnitReportReporter -->
<testsuite hostname="DESKTOP-TA69GEJ" failures="0" tests="8" name="Sep16.crossbrowsertesting" time="47.749" errors="0" timestamp="2020-09-17T10:32:06 IST" skipped="0">
  <testcase classname="Sep16.crossbrowsertesting" name="verifyLogin" time="2.177"/>
  <system-out>
Invalid credentials  </system-out>
  <testcase classname="Sep16.crossbrowsertesting" name="verifyLogin" time="17.155"/>
  <system-out>
Login Success:  </system-out>
  <testcase classname="Sep16.crossbrowsertesting" name="verifyLogin" time="6.623"/>
  <system-out>
Invalid credentials  </system-out>
  <testcase classname="Sep16.crossbrowsertesting" name="verifyLogin" time="4.546"/>
  <system-out>
Invalid credentials  </system-out>
  <testcase classname="Sep16.crossbrowsertesting" name="verifyLogin" time="3.182"/>
  <system-out>
Login Success:  </system-out>
  <testcase classname="Sep16.crossbrowsertesting" name="verifyLogin" time="3.231"/>
  <system-out>
Invalid credentials  </system-out>
  <testcase classname="Sep16.crossbrowsertesting" name="verifyLogin" time="7.665"/>
  <system-out>
Login Success:  </system-out>
  <testcase classname="Sep16.crossbrowsertesting" name="verifyLogin" time="3.170"/>
  <system-out>
Login Success:  </system-out>
</testsuite> <!-- Sep16.crossbrowsertesting -->
